<?xml version="1.0" encoding="UTF-8"?>
<!-- Generated by org.testng.reporters.JUnitReportReporter -->
<testsuite hostname="DESKTOP-12G8452" failures="0" tests="1" name="org.dbs.bank.app.NewTest" time="11.210" errors="0" timestamp="24 Jul 2019 18:17:18 GMT" skipped="0">
  <testcase classname="org.dbs.bank.app.NewTest" name="f" time="11.210"/>
</testsuite> <!-- org.dbs.bank.app.NewTest -->
